TN:
SF:./js/src/app.js
FNF:0
FNH:0
DA:1,1
LF:1
LH:1
BRF:0
BRH:0
end_of_record
TN:
SF:./js/src/controllers/terminalCtrl.js
FN:5,(anonymous_1)
FNF:1
FNH:1
FNDA:6,(anonymous_1)
DA:5,1
LF:1
LH:1
BRF:0
BRH:0
end_of_record
TN:
SF:./js/src/directives/terminalDirective.js
FN:3,(anonymous_1)
FN:9,compile
FN:11,preLink
FN:12,postLink
FN:29,(anonymous_5)
FN:34,commandHanlder
FN:74,start
FN:80,handleAutoComplete
FN:81,(anonymous_9)
FN:97,drawLine
FN:113,handleDefault
FN:118,handleHelp
FN:123,handleExit
FN:130,handleLol
FN:135,handlePwd
FN:140,handleCat
FN:143,(anonymous_17)
FN:151,handleClear
FN:155,handleList
FN:165,(anonymous_20)
FN:171,errorCallback
FN:181,handleCd
FN:188,(anonymous_23)
FN:199,(anonymous_24)
FN:206,nextCommand
FN:219,previousCommand
FN:228,commandParser
FN:237,(anonymous_28)
FN:260,(anonymous_29)
FNF:29
FNH:15
FNDA:6,(anonymous_1)
FNDA:6,compile
FNDA:6,preLink
FNDA:6,postLink
FNDA:6,(anonymous_5)
FNDA:5,commandHanlder
FNDA:6,start
FNDA:0,handleAutoComplete
FNDA:0,(anonymous_9)
FNDA:14,drawLine
FNDA:1,handleDefault
FNDA:1,handleHelp
FNDA:0,handleExit
FNDA:1,handleLol
FNDA:0,handlePwd
FNDA:1,handleCat
FNDA:0,(anonymous_17)
FNDA:1,handleClear
FNDA:0,handleList
FNDA:0,(anonymous_20)
FNDA:0,errorCallback
FNDA:0,handleCd
FNDA:0,(anonymous_23)
FNDA:0,(anonymous_24)
FNDA:0,nextCommand
FNDA:0,previousCommand
FNDA:5,commandParser
FNDA:0,(anonymous_28)
FNDA:5,(anonymous_29)
DA:3,1
DA:4,6
DA:10,6
DA:14,6
DA:15,6
DA:16,6
DA:17,6
DA:19,6
DA:20,6
DA:21,6
DA:22,6
DA:23,6
DA:25,6
DA:26,6
DA:27,6
DA:29,6
DA:30,6
DA:31,6
DA:34,1
DA:36,5
DA:38,1
DA:39,1
DA:42,1
DA:43,1
DA:46,0
DA:47,0
DA:50,1
DA:51,1
DA:54,1
DA:55,1
DA:58,0
DA:59,0
DA:62,0
DA:63,0
DA:66,0
DA:67,0
DA:70,1
DA:74,1
DA:75,6
DA:77,6
DA:80,1
DA:81,0
DA:82,0
DA:83,0
DA:84,0
DA:85,0
DA:87,0
DA:88,0
DA:91,0
DA:97,1
DA:98,14
DA:99,14
DA:100,14
DA:101,14
DA:102,14
DA:103,14
DA:105,14
DA:106,14
DA:109,14
DA:113,1
DA:114,1
DA:115,1
DA:118,1
DA:119,1
DA:120,1
DA:123,1
DA:125,0
DA:126,0
DA:130,1
DA:131,1
DA:132,1
DA:135,1
DA:136,0
DA:137,0
DA:140,1
DA:141,1
DA:142,0
DA:143,0
DA:144,0
DA:151,1
DA:152,1
DA:155,1
DA:157,0
DA:158,0
DA:159,0
DA:161,0
DA:163,0
DA:164,0
DA:165,0
DA:166,0
DA:167,0
DA:168,0
DA:170,0
DA:172,0
DA:181,1
DA:182,0
DA:183,0
DA:184,0
DA:185,0
DA:186,0
DA:188,0
DA:189,0
DA:191,0
DA:195,0
DA:196,0
DA:197,0
DA:199,0
DA:200,0
DA:206,1
DA:207,0
DA:208,0
DA:211,0
DA:212,0
DA:213,0
DA:215,0
DA:219,1
DA:220,0
DA:221,0
DA:223,0
DA:225,0
DA:228,1
DA:229,5
DA:231,5
DA:237,6
DA:239,0
DA:240,0
DA:244,0
DA:245,0
DA:248,0
DA:249,0
DA:251,0
DA:252,0
DA:253,0
DA:260,6
DA:261,5
DA:263,5
DA:265,5
DA:266,5
DA:267,5
DA:269,5
LF:140
LH:73
BRDA:36,1,0,1
BRDA:36,1,1,1
BRDA:36,1,2,0
BRDA:36,1,3,1
BRDA:36,1,4,1
BRDA:36,1,5,0
BRDA:36,1,6,0
BRDA:36,1,7,0
BRDA:36,1,8,1
BRDA:84,2,0,0
BRDA:84,2,1,0
BRDA:100,3,0,14
BRDA:100,3,1,0
BRDA:102,4,0,14
BRDA:102,4,1,0
BRDA:125,5,0,0
BRDA:125,5,1,0
BRDA:142,6,0,0
BRDA:142,6,1,0
BRDA:142,7,0,0
BRDA:142,7,1,0
BRDA:157,8,0,0
BRDA:157,8,1,0
BRDA:164,9,0,0
BRDA:164,9,1,0
BRDA:182,10,0,0
BRDA:182,10,1,0
BRDA:184,11,0,0
BRDA:184,11,1,0
BRDA:184,12,0,0
BRDA:184,12,1,0
BRDA:195,13,0,0
BRDA:195,13,1,0
BRDA:195,14,0,0
BRDA:195,14,1,0
BRDA:207,15,0,0
BRDA:207,15,1,0
BRDA:211,16,0,0
BRDA:211,16,1,0
BRDA:220,17,0,0
BRDA:220,17,1,0
BRDA:239,18,0,0
BRDA:239,18,1,0
BRDA:244,19,0,0
BRDA:244,19,1,0
BRDA:248,20,0,0
BRDA:248,20,1,0
BRDA:252,21,0,0
BRDA:252,21,1,0
BRF:49
BRH:7
end_of_record
TN:
SF:./js/src/services/commandService.js
FN:4,(anonymous_1)
FN:9,(anonymous_2)
FN:15,(anonymous_3)
FNF:3
FNH:2
FNDA:6,(anonymous_1)
FNDA:6,(anonymous_2)
FNDA:0,(anonymous_3)
DA:3,1
DA:6,6
DA:8,6
DA:10,6
DA:16,0
LF:5
LH:4
BRF:0
BRH:0
end_of_record
